<?xml version="1.0" encoding="UTF-8"?>
<!-- Generated by org.testng.reporters.JUnitReportReporter -->
<testsuite skipped="0" hostname="Ranjeet-PC" name="TestP.TestCasesClass" tests="3" failures="0" timestamp="13 Dec 2021 18:53:48 GMT" time="266.203" errors="0">
  <testcase name="positiveBooking" time="97.282" classname="TestP.TestCasesClass"/>
  <testcase name="negativeOne" time="70.851" classname="TestP.TestCasesClass"/>
  <testcase name="negativeTwo" time="98.070" classname="TestP.TestCasesClass"/>
</testsuite> <!-- TestP.TestCasesClass -->
